### ISSUE TITLE
Black screen is observed post installation of Moments Packages and unable to work with machine when Explorer Patcher is present on the system

### ISSUE THREAD

**Issue by Michellehdr** [valinet/ExplorerPatcher#1526]
Black screen is observed post installation of Moments Packages and unable to work with machine when Explorer Patcher is present on the system

ExplorerPacther Version: 22621.1555.55.1

Could you please take a look at the issue? Thanks!

**Comment by pyrates999** [comment]
Moments package is a preview update and preview updates and insider builds are not supported by explorer patcher due to symbols not being available to download: https://github.com/valinet/ExplorerPatcher/wiki/Symbols

**Comment by Michellehdr** [comment]
@pyrates999 thanks for your quick reply. In fact, the issue not only repro on Moments packages, but also on every released Windows Updates. do we have any plan to fix it?

**Comment by pyrates999** [comment]
Try the following:

1. uninstall explorer patcher
2. export this registry key: "Computer\HKEY_CURRENT_USER\Software\ExplorerPatcher" and upload it to here
3. delete the same registry key: "Computer\HKEY_CURRENT_USER\Software\ExplorerPatcher"
4. install explorer patcher
5. verify you get a notification that symbols have been downloaded
6. restart windows explorer using either the task manager or in the properties window of explorer patcher

**Comment by Michellehdr** [comment]
@pyrates999 we tried with the above steps. seems like we were unable to see the Symbols notification in step5. Could you please take a look?

**Comment by Michellehdr** [comment]
@pyrates999 thank you so much for your quick response. But the issue here might cause the system to fall into an unusable state on every Windows update. Is it possible to have a solution for the App to run on all Windows Updates?

**Comment by pyrates999** [comment]
No, read here for why: https://github.com/valinet/ExplorerPatcher/wiki/Symbols

**Comment by Michellehdr** [comment]
@pyrates999 thanks for your response. Could it be possible to share an email address to my personal mail: michellehdr@outlook.com. So that I can send through email via my MS account?

**Comment by pyrates999** [comment]
No.

**Comment by Michellehdr** [comment]
@pyrates999 okay. Then I paste the investigation details from our engineer here:
The black screen issue is confirmed to be caused by Explorer.exe getting into an erroneous state after twinui.pcshell.dll is updated by the moment package. Explorer.exe got into the erroneous state because its main thread was terminated by the app unexpectedly. The cause is stated as below:

1.	ExplorerPatcher redirects the Explorer.exe to load its own dxgi.dll instead of the system dxgi.dll.
2.	In the EntryPoint function of dxgi.dll, which is called in WinMain of Explorer.exe, the app tries to use [funchook](https://nam06.safelinks.protection.outlook.com/?url=https%3A%2F%2Fgithub.com%2Fkubo%2Ffunchook&data=05%7C01%7Cv-haiwang%40microsoft.com%7Ca394c6aaf03e4bb9f7ce08db6b9afe3b%7C72f988bf86f141af91ab2d7cd011db47%7C1%7C0%7C638222085666248444%7CUnknown%7CTWFpbGZsb3d8eyJWIjoiMC4wLjAwMDAiLCJQIjoiV2luMzIiLCJBTiI6Ik1haWwiLCJXVCI6Mn0%3D%7C3000%7C%7C%7C&sdata=M0ImbuMKHlQH2WRe0i3w0fbz7L93soPvjiKIzJfGyrc%3D&reserved=0) APIs to hook twinui.pcshell.dll!CLauncherTipContextMenu::ShowLauncherTipContextMenu. It attempts to use the last known good offset, which is stored at HKCU\Software\ExplorerPatcher\TwinUI.PCShell, to do the hooking.
3.	On the first boot after updating from 5B (22621.1702) to the moment package (22631.1835), the last known good offset is the offset for 5B version of twinui.pcshell.dll. So ExplorerPatcher still tries to use the 5B offset to do the hooking at that time.
4.	The moment package has updated twinui.pcshell.dll so the 5B offset becomes invalid. It happens to be near the end of another function on the moment binary. The funchook API detects this and thinks the function to hook is too short, so it returns error code 7 (FUNCHOOK_ERROR_TOO_SHORT_INSTRUCTIONS).
5.	ExplorerPatcher calls FreeLibraryAndExitThread() when the funchook API fails. But this is the main thread of the Explorer.exe. Terminating the main thread at early stage of WinMain leaves the whole process in an erroneous state.
6.	Before calling FreeLibraryAndExitThread(), ExplorerPatcher spawns a worker thread to download symbol file for the new twinui.pcshell.dll. This worker thread is not affected by the termination of the main thread and the symbol is download successfully. So the bug will go away on the next system reboot.

From #6 we know it’s not an issue about symbol not available for preview package. Actually the symbol gets downloaded and explorer.exe launches correctly thereafter. This issue can happen on any WU update as long as the last known good offset can cause the funchook API to return any error code for the new binary. ExplorerPatcher needs to do something to avoid the black screen. For example, the app should not call FreeLibraryAndExitThread() in the Explorer main thread. Or the app can just intentionally crash itself when funchook API fails so this can be detected by InformUserAboutCrash and the app can disable itself. 

Below debugging info on the moment package (22631.1835) is for your reference:

0:000> kp
# Child-SP          RetAddr               Call Site
00 00000000`002ddb48 00007ffc`45ead287     KERNELBASE!LoadLibraryW(wchar_t * lpwLibFileName = 0x00007ffc`45f02198 "twinui.pcshell.dll") [minkernel\kernelbase\module.c @ 915] 
01 00000000`002ddb50 00007ffc`45eb105d     dxgi!UpdateHMDEmulationStatus+0xff67
02 00000000`002de2f0 00007ffc`45eb10cb     dxgi!DllUnregisterServer+0x19bd
03 00000000`002df2d0 00007ff7`d375e3cc     dxgi!DXGIDeclareAdapterRemovalSupport+0xb
04 00000000`002df300 00007ff7`d377dee0     explorer!wWinMain(struct HINSTANCE__ * hInstance = 0x00007ff7`d3740000, struct HINSTANCE__ * __formal = 0x00000000`00000000, wchar_t * __formal = 0x00000000`00000000 "", int __formal = 0n0)+0x58 [pcshell\shell\explorer\initcab.cpp @ 1195] 
05 (Inline Function) --------`--------     explorer!invoke_main(void)+0x21 [VCCRT\vcstartup\src\startup\exe_common.inl @ 118] 
06 00000000`002df960 00007ffc`608326ad     explorer!__scrt_common_main_seh(void)+0x110 [VCCRT\vcstartup\src\startup\exe_common.inl @ 288] 
07 00000000`002df9a0 00007ffc`61d4a9f8     KERNEL32!BaseThreadInitThunk(unsigned long RunProcessInit = <Value unavailable error>, <function> * StartAddress = <Value unavailable error>, void * Argument = <Value unavailable error>)+0x1d [clientcore\base\win32\client\thread.c @ 75] 
08 00000000`002df9d0 00000000`00000000     ntdll!RtlUserThreadStart(<function> * StartAddress = 0x00000000`00000000, void * Argument = 0x00000000`00000000)+0x28 [minkernel\ntdll\rtlstrt.c @ 1166] 
0:000> gu
ModLoad: 00007ffc`46140000 00007ffc`46a6f000   C:\Windows\SYSTEM32\twinui.pcshell.dll
ModLoad: 00007ffc`54a20000 00007ffc`54cd1000   C:\Windows\SYSTEM32\iertutil.dll
ModLoad: 00007ffc`52650000 00007ffc`526c3000   C:\Windows\SYSTEM32\wincorlib.DLL
ModLoad: 00007ffc`589b0000 00007ffc`58a55000   C:\Windows\SYSTEM32\policymanager.dll
ModLoad: 00007ffc`58890000 00007ffc`58923000   C:\Windows\SYSTEM32\msvcp110_win.dll
rax=00007ffc46140000 rbx=00007ffc5c720000 rcx=a952a13752b10000
rdx=0000000000000279 rsi=00007ff7d3740000 rdi=0000000000000000
rip=00007ffc45ead287 rsp=00000000002ddb50 rbp=00000000002ddc50
r8=00007ffc61e269c0  r9=0000000000000004 r10=0000000000000000
r11=00000000002ddb30 r12=0000000000000000 r13=0000000000000000
r14=0000000000000001 r15=0000000000000000
iopl=0         nv up ei pl zr na po nc
cs=0033  ss=002b  ds=002b  es=002b  fs=0053  gs=002b             efl=00000246
dxgi!UpdateHMDEmulationStatus+0xff67:
00007ffc`45ead287 488bd8          mov     rbx,rax
0:000> pc
rax=00007ffc467bfab0 rbx=00007ffc46140000 rcx=00000000009f0000
rdx=00007ffc45f1df78 rsi=00007ff7d3740000 rdi=0000000000000000
rip=00007ffc45ead33f rsp=00000000002ddb50 rbp=00000000002ddc50
r8=00007ffc45e9e900  r9=0000000000000004 r10=0000000000000000
r11=00000000002ddb30 r12=0000000000000000 r13=0000000000000000
r14=0000000000000001 r15=0000000000000000
iopl=0         nv up ei pl nz na po cy
cs=0033  ss=002b  ds=002b  es=002b  fs=0053  gs=002b             efl=00000207
dxgi!UpdateHMDEmulationStatus+0x1001f:
00007ffc`45ead33f e80cc70100      call    dxgi!ZZRestartExplorer+0x32f0 (00007ffc`45ec9a50)              // Calling funchook API to hook CLauncherTipContextMenu::ShowLauncherTipContextMenu.
0:000> dp @rdx l1
00007ffc`45f1df78  00007ffc`467bfab0                       // 00007ffc`467bfab0 = 00007ffc46140000 + 0067fab0. This is the base address of twinui.pcshell.dll + 5B offset of CLauncherTipContextMenu::ShowLauncherTipContextMenu. 
0:000> u 00007ffc`467bfab0
twinui_pcshell!winrt::impl::promise_base<std::experimental::coroutine_traits<winrt::Windows::Foundation::IAsyncAction,winrt::Windows::Internal::Shell::implementation::WindowsTracker *>::promise_type,winrt::Windows::Foundation::IAsyncAction,void>::Completed+0xb0 [internal\sdk\inc\cppwinrt\winrt\Windows.Foundation.h @ 3642]:
00007ffc`467bfab0 405f            pop     rdi
00007ffc`467bfab2 c3              ret                                  // We can see it’s pointing to the end of another function of the moment binary.
00007ffc`467bfab3 cc              int     3
twinui_pcshell!`winrt::impl::promise_base<std::experimental::coroutine_traits<winrt::Windows::Foundation::IAsyncAction,winrt::Windows::Internal::Shell::implementation::WindowsTracker *>::promise_type,winrt::Windows::Foundation::IAsyncAction,void>::Completed'::`1'::dtor$0:
00007ffc`467bfab4 488d8a68000000  lea     rcx,[rdx+68h]
00007ffc`467bfabb e9f0dad0ff      jmp     twinui_pcshell!winrt::slim_lock_guard::~slim_lock_guard (00007ffc`464cd5b0)
00007ffc`467bfac0 cc              int     3
00007ffc`467bfac1 cc              int     3
00007ffc`467bfac2 cc              int     3
0:000> p
rax=0000000000000007 rbx=00007ffc46140000 rcx=0000000000000000              // funchook API returns 7 (FUNCHOOK_ERROR_TOO_SHORT_INSTRUCTIONS).
rdx=00007ffc45ef0258 rsi=00007ff7d3740000 rdi=0000000000000000
rip=00007ffc45ead344 rsp=00000000002ddb50 rbp=00000000002ddc50
r8=00007ffc467bfab0  r9=00007ffc467bfab0 r10=00000000002d9988
r11=00000000002d96c0 r12=0000000000000000 r13=0000000000000000
r14=0000000000000001 r15=0000000000000000
iopl=0         nv up ei pl nz na pe nc
cs=0033  ss=002b  ds=002b  es=002b  fs=0053  gs=002b             efl=00000202
dxgi!UpdateHMDEmulationStatus+0x10024:
00007ffc`45ead344 85c0            test    eax,eax
0:000> p
rax=0000000000000007 rbx=00007ffc46140000 rcx=0000000000000000
rdx=00007ffc45ef0258 rsi=00007ff7d3740000 rdi=0000000000000000
rip=00007ffc45ead346 rsp=00000000002ddb50 rbp=00000000002ddc50
r8=00007ffc467bfab0  r9=00007ffc467bfab0 r10=00000000002d9988
r11=00000000002d96c0 r12=0000000000000000 r13=0000000000000000
r14=0000000000000001 r15=0000000000000000
iopl=0         nv up ei pl nz na pe nc
cs=0033  ss=002b  ds=002b  es=002b  fs=0053  gs=002b             efl=00000202
dxgi!UpdateHMDEmulationStatus+0x10026:
00007ffc`45ead346 7410            je      dxgi!UpdateHMDEmulationStatus+0x10038 (00007ffc`45ead358) [br=0]
0:000> 
rax=0000000000000007 rbx=00007ffc46140000 rcx=0000000000000000
rdx=00007ffc45ef0258 rsi=00007ff7d3740000 rdi=0000000000000000
rip=00007ffc45ead348 rsp=00000000002ddb50 rbp=00000000002ddc50
r8=00007ffc467bfab0  r9=00007ffc467bfab0 r10=00000000002d9988
r11=00000000002d96c0 r12=0000000000000000 r13=0000000000000000
r14=0000000000000001 r15=0000000000000000
iopl=0         nv up ei pl nz na pe nc
cs=0033  ss=002b  ds=002b  es=002b  fs=0053  gs=002b             efl=00000202
dxgi!UpdateHMDEmulationStatus+0x10028:
00007ffc`45ead348 488b0dd90a0700  mov     rcx,qword ptr [dxgi!ZZRestartExplorer+0x576c8 (00007ffc`45f1de28)] ds:00007ffc`45f1de28={dxgi (00007ffc`45e90000)}
0:000> 
rax=0000000000000007 rbx=00007ffc46140000 rcx=00007ffc45e90000
rdx=00007ffc45ef0258 rsi=00007ff7d3740000 rdi=0000000000000000
rip=00007ffc45ead34f rsp=00000000002ddb50 rbp=00000000002ddc50
r8=00007ffc467bfab0  r9=00007ffc467bfab0 r10=00000000002d9988
r11=00000000002d96c0 r12=0000000000000000 r13=0000000000000000
r14=0000000000000001 r15=0000000000000000
iopl=0         nv up ei pl nz na pe nc
cs=0033  ss=002b  ds=002b  es=002b  fs=0053  gs=002b             efl=00000202
dxgi!UpdateHMDEmulationStatus+0x1002f:
00007ffc`45ead34f 8bd0            mov     edx,eax
0:000> 
rax=0000000000000007 rbx=00007ffc46140000 rcx=00007ffc45e90000
rdx=0000000000000007 rsi=00007ff7d3740000 rdi=0000000000000000
rip=00007ffc45ead351 rsp=00000000002ddb50 rbp=00000000002ddc50
r8=00007ffc467bfab0  r9=00007ffc467bfab0 r10=00000000002d9988
r11=00000000002d96c0 r12=0000000000000000 r13=0000000000000000
r14=0000000000000001 r15=0000000000000000
iopl=0         nv up ei pl nz na pe nc
cs=0033  ss=002b  ds=002b  es=002b  fs=0053  gs=002b             efl=00000202
dxgi!UpdateHMDEmulationStatus+0x10031:
00007ffc`45ead351 ff1521220400    call    qword ptr [dxgi!ZZRestartExplorer+0x28e18 (00007ffc`45eef578)] ds:00007ffc`45eef578={KERNEL32!FreeLibraryAndExitThreadStub (00007ffc`60839ca0)}      // Terminating current thread.

**Comment by pyrates999** [comment]
Thank you for the details.  One of the programmers here may find that useful then.  I am not one of them as I am not a programmer.

If you get that without explorer patcher installed, I suggest you contact Microsoft then.

**Comment by Michellehdr** [comment]
@valinet could you please take a look at the issue above? @pyrates999 do you know any of the explorerpatcher developers that we could loop in this conversation?

**Comment by Amrsatrio** [comment]
Hi Microsoft representative, it's good to see that EP is tested by Microsoft. Anyways, since some time ago I've fixed this bogus offsets issue by pairing them with the respective binary's hash that, if doesn't match, will not be loaded therefore will no longer cause black screens. Cheers :)
